<?xml version="1.0" encoding="UTF-8"?>
<testsuite xmlns:xsi="http://www.w3.org/2001/XMLSchema-instance" xsi:noNamespaceSchemaLocation="https://maven.apache.org/surefire/maven-surefire-plugin/xsd/surefire-test-report.xsd" name="it.polimi.ingsw.model.soloGame.FaithPointTokenTest" time="0.006" tests="4" errors="0" skipped="0" failures="0">
  <properties>
[...]
</properties>
  <testcase name="initNegativePoints" classname="it.polimi.ingsw.model.soloGame.FaithPointTokenTest" time="0"/>
  <testcase name="init1" classname="it.polimi.ingsw.model.soloGame.FaithPointTokenTest" time="0"/>
  <testcase name="init2" classname="it.polimi.ingsw.model.soloGame.FaithPointTokenTest" time="0"/>
  <testcase name="attachObserver" classname="it.polimi.ingsw.model.soloGame.FaithPointTokenTest" time="0.006"/>
</testsuite>