<?xml version="1.0" encoding="UTF-8"?>
<testsuite xmlns:xsi="http://www.w3.org/2001/XMLSchema-instance" xsi:noNamespaceSchemaLocation="https://maven.apache.org/surefire/maven-surefire-plugin/xsd/surefire-test-report.xsd" name="it.polimi.ingsw.model.BaseProductionTest" time="0.028" tests="11" errors="0" skipped="0" failures="0">
  <properties>
[...]
</properties>
  <testcase name="getQuantityInputResources" classname="it.polimi.ingsw.model.BaseProductionTest" time="0"/>
  <testcase name="getInputHashMap" classname="it.polimi.ingsw.model.BaseProductionTest" time="0"/>
  <testcase name="getInputForcedResources" classname="it.polimi.ingsw.model.BaseProductionTest" time="0"/>
  <testcase name="setInputHashMapOnProduction2" classname="it.polimi.ingsw.model.BaseProductionTest" time="0.001"/>
  <testcase name="setOutputHashMapOnProduction2" classname="it.polimi.ingsw.model.BaseProductionTest" time="0"/>
  <testcase name="setOutputHashMapTest1" classname="it.polimi.ingsw.model.BaseProductionTest" time="0"/>
  <testcase name="setOutputHashMapTest2" classname="it.polimi.ingsw.model.BaseProductionTest" time="0"/>
  <testcase name="getOutputHashMap" classname="it.polimi.ingsw.model.BaseProductionTest" time="0"/>
  <testcase name="setInputHashMapTest1" classname="it.polimi.ingsw.model.BaseProductionTest" time="0"/>
  <testcase name="setInputHashMapTest2" classname="it.polimi.ingsw.model.BaseProductionTest" time="0"/>
  <testcase name="getQuantityOutputResources" classname="it.polimi.ingsw.model.BaseProductionTest" time="0"/>
</testsuite>