<?xml version="1.0" encoding="UTF-8"?>
<testsuite xmlns:xsi="http://www.w3.org/2001/XMLSchema-instance" xsi:noNamespaceSchemaLocation="https://maven.apache.org/surefire/maven-surefire-plugin/xsd/surefire-test-report.xsd" name="it.polimi.ingsw.controller.GamesManagerSingletonTest" time="31.281" tests="5" errors="0" skipped="0" failures="0">
  <properties>
[...]
</properties>
  <testcase name="solitaryGameTest" classname="it.polimi.ingsw.controller.GamesManagerSingletonTest" time="0.015"/>
  <testcase name="sameNicksTest" classname="it.polimi.ingsw.controller.GamesManagerSingletonTest" time="0.012"/>
  <testcase name="timerTest" classname="it.polimi.ingsw.controller.GamesManagerSingletonTest" time="31.179"/>
  <testcase name="sequentialAddClients" classname="it.polimi.ingsw.controller.GamesManagerSingletonTest" time="0.044"/>
  <testcase name="clientConfigureBeforeOthersJoin" classname="it.polimi.ingsw.controller.GamesManagerSingletonTest" time="0.029"/>
</testsuite>