<?xml version="1.0" encoding="UTF-8"?>
<testsuite xmlns:xsi="http://www.w3.org/2001/XMLSchema-instance" xsi:noNamespaceSchemaLocation="https://maven.apache.org/surefire/maven-surefire-plugin/xsd/surefire-test-report.xsd" name="it.polimi.ingsw.view.cli.CliViewTest" time="0.226" tests="62" errors="0" skipped="0" failures="0">
  <properties>
[...]
</properties>
  <testcase name="printDiscardTokenYellow" classname="it.polimi.ingsw.view.cli.CliViewTest" time="0.005"/>
  <testcase name="printDiscardTokenGreenCards" classname="it.polimi.ingsw.view.cli.CliViewTest" time="0.003"/>
  <testcase name="printGameState" classname="it.polimi.ingsw.view.cli.CliViewTest" time="0"/>
  <testcase name="printPlayerLeftGame" classname="it.polimi.ingsw.view.cli.CliViewTest" time="0.003"/>
  <testcase name="printDepotSecondEmpty" classname="it.polimi.ingsw.view.cli.CliViewTest" time="0"/>
  <testcase name="printDevSlotsWithTwoUnusedCards" classname="it.polimi.ingsw.view.cli.CliViewTest" time="0.004"/>
  <testcase name="printInfo" classname="it.polimi.ingsw.view.cli.CliViewTest" time="0.001"/>
  <testcase name="printFaithPointTokenTwoPoints" classname="it.polimi.ingsw.view.cli.CliViewTest" time="0.002"/>
  <testcase name="printDiscardTokenBlue" classname="it.polimi.ingsw.view.cli.CliViewTest" time="0.001"/>
  <testcase name="printOtherNicknames" classname="it.polimi.ingsw.view.cli.CliViewTest" time="0.002"/>
  <testcase name="printResourcesMap" classname="it.polimi.ingsw.view.cli.CliViewTest" time="0.002"/>
  <testcase name="printWaiting4BeginningDecisions" classname="it.polimi.ingsw.view.cli.CliViewTest" time="0.004"/>
  <testcase name="printHolpMessage" classname="it.polimi.ingsw.view.cli.CliViewTest" time="0.02"/>
  <testcase name="printFaithTrack" classname="it.polimi.ingsw.view.cli.CliViewTest" time="0.001"/>
  <testcase name="printDiscardTokenYellowCards" classname="it.polimi.ingsw.view.cli.CliViewTest" time="0.001"/>
  <testcase name="printDepotThirdEmpty" classname="it.polimi.ingsw.view.cli.CliViewTest" time="0.001"/>
  <testcase name="printUsedLeaderCards" classname="it.polimi.ingsw.view.cli.CliViewTest" time="0.001"/>
  <testcase name="printOthersPlayerBoard" classname="it.polimi.ingsw.view.cli.CliViewTest" time="0.014"/>
  <testcase name="printShuffleToken" classname="it.polimi.ingsw.view.cli.CliViewTest" time="0.003"/>
  <testcase name="printPlayerState" classname="it.polimi.ingsw.view.cli.CliViewTest" time="0.015"/>
  <testcase name="printFaithPointTokenOnePoint" classname="it.polimi.ingsw.view.cli.CliViewTest" time="0.002"/>
  <testcase name="printDepotThirdTwoEmpty" classname="it.polimi.ingsw.view.cli.CliViewTest" time="0.001"/>
  <testcase name="printOtherNicknameWhenPlayingAgainstLorenzo" classname="it.polimi.ingsw.view.cli.CliViewTest" time="0.002"/>
  <testcase name="printGeneralInfo" classname="it.polimi.ingsw.view.cli.CliViewTest" time="0.002"/>
  <testcase name="printBaseProduction" classname="it.polimi.ingsw.view.cli.CliViewTest" time="0.003"/>
  <testcase name="printPlaying" classname="it.polimi.ingsw.view.cli.CliViewTest" time="0.023"/>
  <testcase name="printDepotThirdOneEmpty" classname="it.polimi.ingsw.view.cli.CliViewTest" time="0.001"/>
  <testcase name="printWaitingForTurn" classname="it.polimi.ingsw.view.cli.CliViewTest" time="0.001"/>
  <testcase name="printSoloScoreLorenzoWins" classname="it.polimi.ingsw.view.cli.CliViewTest" time="0.006"/>
  <testcase name="printPlayerBoardNicer" classname="it.polimi.ingsw.view.cli.CliViewTest" time="0.019"/>
  <testcase name="printDepotFirstEmpty" classname="it.polimi.ingsw.view.cli.CliViewTest" time="0.001"/>
  <testcase name="printWaiting4GameEnd" classname="it.polimi.ingsw.view.cli.CliViewTest" time="0.003"/>
  <testcase name="printDiscardTokenGreen" classname="it.polimi.ingsw.view.cli.CliViewTest" time="0"/>
  <testcase name="printError" classname="it.polimi.ingsw.view.cli.CliViewTest" time="0.002"/>
  <testcase name="printDepotSecondOneEmpty" classname="it.polimi.ingsw.view.cli.CliViewTest" time="0"/>
  <testcase name="printWaiting4TurnState" classname="it.polimi.ingsw.view.cli.CliViewTest" time="0.002"/>
  <testcase name="printDiscardTokenBlueCards" classname="it.polimi.ingsw.view.cli.CliViewTest" time="0.002"/>
  <testcase name="printWaiting4LastTurnState" classname="it.polimi.ingsw.view.cli.CliViewTest" time="0.001"/>
  <testcase name="printDepotFull" classname="it.polimi.ingsw.view.cli.CliViewTest" time="0"/>
  <testcase name="printResourcesOnALine" classname="it.polimi.ingsw.view.cli.CliViewTest" time="0"/>
  <testcase name="printSoloScoreLorenzoLoses" classname="it.polimi.ingsw.view.cli.CliViewTest" time="0.005"/>
  <testcase name="printDiscardTokenPurpleCards" classname="it.polimi.ingsw.view.cli.CliViewTest" time="0.003"/>
  <testcase name="printPlayingLastTurn" classname="it.polimi.ingsw.view.cli.CliViewTest" time="0.021"/>
  <testcase name="printFinalScores" classname="it.polimi.ingsw.view.cli.CliViewTest" time="0.003"/>
  <testcase name="printMarketTest" classname="it.polimi.ingsw.view.cli.CliViewTest" time="0.003"/>
  <testcase name="printLeaderCard" classname="it.polimi.ingsw.view.cli.CliViewTest" time="0"/>
  <testcase name="printUnusedLeaderCards" classname="it.polimi.ingsw.view.cli.CliViewTest" time="0.003"/>
  <testcase name="printCommonParts" classname="it.polimi.ingsw.view.cli.CliViewTest" time="0.003"/>
  <testcase name="printDevSlots" classname="it.polimi.ingsw.view.cli.CliViewTest" time="0.001"/>
  <testcase name="printMyPlayerBoard" classname="it.polimi.ingsw.view.cli.CliViewTest" time="0.008"/>
  <testcase name="printLeaderDepot" classname="it.polimi.ingsw.view.cli.CliViewTest" time="0"/>
  <testcase name="printStrongBox" classname="it.polimi.ingsw.view.cli.CliViewTest" time="0.001"/>
  <testcase name="printWelcome" classname="it.polimi.ingsw.view.cli.CliViewTest" time="0.003"/>
  <testcase name="printPlayerBackInTheGame" classname="it.polimi.ingsw.view.cli.CliViewTest" time="0.001"/>
  <testcase name="printDevSlotsWithOneUnusedCard" classname="it.polimi.ingsw.view.cli.CliViewTest" time="0.001"/>
  <testcase name="printWaiting4GameStart" classname="it.polimi.ingsw.view.cli.CliViewTest" time="0.003"/>
  <testcase name="printDevCard" classname="it.polimi.ingsw.view.cli.CliViewTest" time="0"/>
  <testcase name="printDiscardTokenPurple" classname="it.polimi.ingsw.view.cli.CliViewTest" time="0.001"/>
  <testcase name="printDepotAllEmpty" classname="it.polimi.ingsw.view.cli.CliViewTest" time="0"/>
  <testcase name="printDepotSomethingInside" classname="it.polimi.ingsw.view.cli.CliViewTest" time="0"/>
  <testcase name="printSetUpView" classname="it.polimi.ingsw.view.cli.CliViewTest" time="0.007"/>
  <testcase name="printDevSlotsWithThreeFullSlots" classname="it.polimi.ingsw.view.cli.CliViewTest" time="0.004"/>
</testsuite>