<?xml version="1.0" encoding="UTF-8"?>
<testsuite xmlns:xsi="http://www.w3.org/2001/XMLSchema-instance" xsi:noNamespaceSchemaLocation="https://maven.apache.org/surefire/maven-surefire-plugin/xsd/surefire-test-report.xsd" name="it.polimi.ingsw.controller.GameControllerTest.GameControllerAnswerToClientMethodsTest" time="0.35" tests="18" errors="0" skipped="0" failures="0">
  <properties>
[...]
</properties>
  <testcase name="getProdCostWithLeaders" classname="it.polimi.ingsw.controller.GameControllerTest.GameControllerAnswerToClientMethodsTest" time="0.035"/>
  <testcase name="ctrlShowLeaderCardsAtTheBeginningOnePlayer" classname="it.polimi.ingsw.controller.GameControllerTest.GameControllerAnswerToClientMethodsTest" time="0.026"/>
  <testcase name="soloBoard" classname="it.polimi.ingsw.controller.GameControllerTest.GameControllerAnswerToClientMethodsTest" time="0.068"/>
  <testcase name="getDevCardCost" classname="it.polimi.ingsw.controller.GameControllerTest.GameControllerAnswerToClientMethodsTest" time="0"/>
  <testcase name="moveToShelf" classname="it.polimi.ingsw.controller.GameControllerTest.GameControllerAnswerToClientMethodsTest" time="0.007"/>
  <testcase name="ctrlGetResFromMarket" classname="it.polimi.ingsw.controller.GameControllerTest.GameControllerAnswerToClientMethodsTest" time="0.016"/>
  <testcase name="ctrlDiscardLeaderAtBeginning" classname="it.polimi.ingsw.controller.GameControllerTest.GameControllerAnswerToClientMethodsTest" time="0.02"/>
  <testcase name="getProdCostWithBaseProd" classname="it.polimi.ingsw.controller.GameControllerTest.GameControllerAnswerToClientMethodsTest" time="0.013"/>
  <testcase name="getDevCardCost2" classname="it.polimi.ingsw.controller.GameControllerTest.GameControllerAnswerToClientMethodsTest" time="0.011"/>
  <testcase name="ctrlBuyFromMarketBadParameters" classname="it.polimi.ingsw.controller.GameControllerTest.GameControllerAnswerToClientMethodsTest" time="0.011"/>
  <testcase name="getProdCost" classname="it.polimi.ingsw.controller.GameControllerTest.GameControllerAnswerToClientMethodsTest" time="0.01"/>
  <testcase name="ctrlActivateLeaderCard" classname="it.polimi.ingsw.controller.GameControllerTest.GameControllerAnswerToClientMethodsTest" time="0.015"/>
  <testcase name="ctrlShowLeaderCardsAtTheBeginningTwoPlayers" classname="it.polimi.ingsw.controller.GameControllerTest.GameControllerAnswerToClientMethodsTest" time="0.019"/>
  <testcase name="moveResBtwShelves" classname="it.polimi.ingsw.controller.GameControllerTest.GameControllerAnswerToClientMethodsTest" time="0.017"/>
  <testcase name="activateProduction" classname="it.polimi.ingsw.controller.GameControllerTest.GameControllerAnswerToClientMethodsTest" time="0.022"/>
  <testcase name="ctrlDiscardALeaderCard" classname="it.polimi.ingsw.controller.GameControllerTest.GameControllerAnswerToClientMethodsTest" time="0.021"/>
  <testcase name="ctrlSendingNumberOfExtraResAtBeginning" classname="it.polimi.ingsw.controller.GameControllerTest.GameControllerAnswerToClientMethodsTest" time="0.018"/>
  <testcase name="moveToLeader" classname="it.polimi.ingsw.controller.GameControllerTest.GameControllerAnswerToClientMethodsTest" time="0.017"/>
</testsuite>