<?xml version="1.0" encoding="UTF-8"?>
<testsuite xmlns:xsi="http://www.w3.org/2001/XMLSchema-instance" xsi:noNamespaceSchemaLocation="https://maven.apache.org/surefire/maven-surefire-plugin/xsd/surefire-test-report.xsd" name="it.polimi.ingsw.model.DepotTest" time="0.183" tests="83" errors="0" skipped="0" failures="0">
  <properties>
[...]
</properties>
  <testcase name="addZeroToLeader" classname="it.polimi.ingsw.model.DepotTest" time="0"/>
  <testcase name="moveTooManyResToLeader2" classname="it.polimi.ingsw.model.DepotTest" time="0"/>
  <testcase name="removeNegativeQuantityLeader" classname="it.polimi.ingsw.model.DepotTest" time="0"/>
  <testcase name="moveToShelf1" classname="it.polimi.ingsw.model.DepotTest" time="0"/>
  <testcase name="moveToShelf2" classname="it.polimi.ingsw.model.DepotTest" time="0"/>
  <testcase name="moveToShelf3" classname="it.polimi.ingsw.model.DepotTest" time="0.001"/>
  <testcase name="moveToLeaderNegativeQuantity" classname="it.polimi.ingsw.model.DepotTest" time="0"/>
  <testcase name="moveToLeaderShelfOutOfBound1" classname="it.polimi.ingsw.model.DepotTest" time="0"/>
  <testcase name="moveToLeaderShelfOutOfBound2" classname="it.polimi.ingsw.model.DepotTest" time="0"/>
  <testcase name="addToLeader1" classname="it.polimi.ingsw.model.DepotTest" time="0"/>
  <testcase name="addToLeader2" classname="it.polimi.ingsw.model.DepotTest" time="0"/>
  <testcase name="addToLeader3" classname="it.polimi.ingsw.model.DepotTest" time="0"/>
  <testcase name="addToLeader4" classname="it.polimi.ingsw.model.DepotTest" time="0"/>
  <testcase name="noResourceToMove" classname="it.polimi.ingsw.model.DepotTest" time="0"/>
  <testcase name="notEnoughSpaceMove1" classname="it.polimi.ingsw.model.DepotTest" time="0"/>
  <testcase name="notEnoughSpaceMove2" classname="it.polimi.ingsw.model.DepotTest" time="0"/>
  <testcase name="addPartialShelves" classname="it.polimi.ingsw.model.DepotTest" time="0"/>
  <testcase name="multipleRemoves" classname="it.polimi.ingsw.model.DepotTest" time="0"/>
  <testcase name="addZero" classname="it.polimi.ingsw.model.DepotTest" time="0"/>
  <testcase name="removeZeroFromLeader" classname="it.polimi.ingsw.model.DepotTest" time="0"/>
  <testcase name="addFaithPoint" classname="it.polimi.ingsw.model.DepotTest" time="0"/>
  <testcase name="depotCopy" classname="it.polimi.ingsw.model.DepotTest" time="0"/>
  <testcase name="removeZeroQuantity" classname="it.polimi.ingsw.model.DepotTest" time="0"/>
  <testcase name="moveFaithPointToShelf" classname="it.polimi.ingsw.model.DepotTest" time="0"/>
  <testcase name="removeTooManyResourcesLeader" classname="it.polimi.ingsw.model.DepotTest" time="0"/>
  <testcase name="moveTooManyResToLeader" classname="it.polimi.ingsw.model.DepotTest" time="0"/>
  <testcase name="removeNegativeQuantity" classname="it.polimi.ingsw.model.DepotTest" time="0.002"/>
  <testcase name="addExtraSlot" classname="it.polimi.ingsw.model.DepotTest" time="0"/>
  <testcase name="ctrlInit" classname="it.polimi.ingsw.model.DepotTest" time="0.014"/>
  <testcase name="shelfAddOutOfBound" classname="it.polimi.ingsw.model.DepotTest" time="0"/>
  <testcase name="moveTooManyResToShelf1" classname="it.polimi.ingsw.model.DepotTest" time="0"/>
  <testcase name="moveTooManyResToShelf2" classname="it.polimi.ingsw.model.DepotTest" time="0"/>
  <testcase name="negativeQuantityLeader" classname="it.polimi.ingsw.model.DepotTest" time="0"/>
  <testcase name="moveToLeader1" classname="it.polimi.ingsw.model.DepotTest" time="0"/>
  <testcase name="moveToLeader2" classname="it.polimi.ingsw.model.DepotTest" time="0"/>
  <testcase name="moveToLeader3" classname="it.polimi.ingsw.model.DepotTest" time="0"/>
  <testcase name="sourceShelfOutOfBound1" classname="it.polimi.ingsw.model.DepotTest" time="0"/>
  <testcase name="sourceShelfOutOfBound2" classname="it.polimi.ingsw.model.DepotTest" time="0"/>
  <testcase name="add1" classname="it.polimi.ingsw.model.DepotTest" time="0"/>
  <testcase name="add2" classname="it.polimi.ingsw.model.DepotTest" time="0"/>
  <testcase name="init" classname="it.polimi.ingsw.model.DepotTest" time="0"/>
  <testcase name="addNegativeQuantity" classname="it.polimi.ingsw.model.DepotTest" time="0"/>
  <testcase name="move1" classname="it.polimi.ingsw.model.DepotTest" time="0"/>
  <testcase name="move2" classname="it.polimi.ingsw.model.DepotTest" time="0"/>
  <testcase name="move3" classname="it.polimi.ingsw.model.DepotTest" time="0.001"/>
  <testcase name="move4" classname="it.polimi.ingsw.model.DepotTest" time="0"/>
  <testcase name="move5" classname="it.polimi.ingsw.model.DepotTest" time="0"/>
  <testcase name="removeFaithPointLeader" classname="it.polimi.ingsw.model.DepotTest" time="0"/>
  <testcase name="moveZeroToShelf" classname="it.polimi.ingsw.model.DepotTest" time="0"/>
  <testcase name="moveResToWrongShelf1" classname="it.polimi.ingsw.model.DepotTest" time="0"/>
  <testcase name="moveResToWrongShelf2" classname="it.polimi.ingsw.model.DepotTest" time="0.02"/>
  <testcase name="addExtraSlot2" classname="it.polimi.ingsw.model.DepotTest" time="0"/>
  <testcase name="addExtraSlot3" classname="it.polimi.ingsw.model.DepotTest" time="0"/>
  <testcase name="addFaithPointLeader" classname="it.polimi.ingsw.model.DepotTest" time="0.003"/>
  <testcase name="notEnoughSpaceLeader1" classname="it.polimi.ingsw.model.DepotTest" time="0.001"/>
  <testcase name="notEnoughSpaceLeader2" classname="it.polimi.ingsw.model.DepotTest" time="0.003"/>
  <testcase name="notEnoughSpace1Add" classname="it.polimi.ingsw.model.DepotTest" time="0.008"/>
  <testcase name="notEnoughSpace2Add" classname="it.polimi.ingsw.model.DepotTest" time="0"/>
  <testcase name="notEnoughSpace3Add" classname="it.polimi.ingsw.model.DepotTest" time="0.005"/>
  <testcase name="removeRes1" classname="it.polimi.ingsw.model.DepotTest" time="0.009"/>
  <testcase name="removeRes2" classname="it.polimi.ingsw.model.DepotTest" time="0.001"/>
  <testcase name="removeRes3" classname="it.polimi.ingsw.model.DepotTest" time="0.001"/>
  <testcase name="moveZeroToLeader" classname="it.polimi.ingsw.model.DepotTest" time="0.002"/>
  <testcase name="destShelfOutOfBound1" classname="it.polimi.ingsw.model.DepotTest" time="0.001"/>
  <testcase name="destShelfOutOfBound2" classname="it.polimi.ingsw.model.DepotTest" time="0.002"/>
  <testcase name="notEnoughResourcesRemove" classname="it.polimi.ingsw.model.DepotTest" time="0.002"/>
  <testcase name="getAllResources1" classname="it.polimi.ingsw.model.DepotTest" time="0.001"/>
  <testcase name="getAllResources2" classname="it.polimi.ingsw.model.DepotTest" time="0"/>
  <testcase name="getAllResources3" classname="it.polimi.ingsw.model.DepotTest" time="0.001"/>
  <testcase name="addAlreadyInDepot" classname="it.polimi.ingsw.model.DepotTest" time="0.001"/>
  <testcase name="getResourceNumFromShelf1" classname="it.polimi.ingsw.model.DepotTest" time="0.001"/>
  <testcase name="getResourceNumFromShelf2" classname="it.polimi.ingsw.model.DepotTest" time="0"/>
  <testcase name="getResourceNumFromShelf3" classname="it.polimi.ingsw.model.DepotTest" time="0.001"/>
  <testcase name="shelfRemoveOutOfBound1" classname="it.polimi.ingsw.model.DepotTest" time="0"/>
  <testcase name="shelfRemoveOutOfBound2" classname="it.polimi.ingsw.model.DepotTest" time="0.009"/>
  <testcase name="addWrongResource" classname="it.polimi.ingsw.model.DepotTest" time="0"/>
  <testcase name="removeNotInDepot" classname="it.polimi.ingsw.model.DepotTest" time="0"/>
  <testcase name="removeWrongResource" classname="it.polimi.ingsw.model.DepotTest" time="0"/>
  <testcase name="moveNegativeQuantityToShelf" classname="it.polimi.ingsw.model.DepotTest" time="0.001"/>
  <testcase name="tooManyExtra" classname="it.polimi.ingsw.model.DepotTest" time="0"/>
  <testcase name="removeFromLeader1" classname="it.polimi.ingsw.model.DepotTest" time="0.001"/>
  <testcase name="removeFromLeader2" classname="it.polimi.ingsw.model.DepotTest" time="0"/>
  <testcase name="removeFromLeader3" classname="it.polimi.ingsw.model.DepotTest" time="0"/>
</testsuite>